<?xml version="1.0" encoding="UTF-8"?>
<!-- Generated by org.testng.reporters.JUnitXMLReporter -->
<testsuite ignored="2" hostname="HP-Envy-X360" failures="0" tests="0" time="0.003" errors="0" timestamp="08 Jul 2023 18:20:00 GMT">
  <testcase classname="nTech.SeleniumFrameworkDesign.ErrorValidationsTest" name="LoginErrorValidation" time="0.0">
    <ignored/>
  </testcase> <!-- LoginErrorValidation -->
  <testcase classname="nTech.SeleniumFrameworkDesign.ErrorValidationsTest" name="ProductErrorValidation" time="0.0">
    <ignored/>
  </testcase> <!-- ProductErrorValidation -->
</testsuite>
