<?xml version="1.0" encoding="UTF-8"?>
<!-- Generated by org.testng.reporters.JUnitXMLReporter -->
<testsuite ignored="1" hostname="HP-Envy-X360" failures="0" tests="2" name="Submit Order Test" time="29.412" errors="0" timestamp="06 Jul 2023 14:22:56 GMT">
  <testcase classname="nTech.SeleniumFrameworkDesign.SubmitOrderTest" name="submitOrder" time="5.363"/>
  <testcase classname="nTech.SeleniumFrameworkDesign.SubmitOrderTest" name="submitOrder" time="5.132"/>
  <testcase classname="nTech.SeleniumFrameworkDesign.SubmitOrderTest" name="OrderHistoryTest" time="0.0">
    <ignored/>
  </testcase> <!-- OrderHistoryTest -->
</testsuite> <!-- Submit Order Test -->
