<?xml version="1.0" encoding="UTF-8"?>
<testng-results ignored="3" total="5" passed="2" failed="0" skipped="0">
  <reporter-output>
  </reporter-output>
  <suite started-at="2023-07-08T18:20:00Z" name="Suite" finished-at="2023-07-08T18:20:31Z" duration-ms="30365">
    <groups>
      <group name="Purchase">
        <method signature="SubmitOrderTest.submitOrder(java.util.HashMap)[pri:0, instance:nTech.SeleniumFrameworkDesign.SubmitOrderTest@60129b9a]" name="submitOrder" class="nTech.SeleniumFrameworkDesign.SubmitOrderTest"/>
      </group> <!-- Purchase -->
    </groups>
    <test started-at="2023-07-08T18:20:00Z" name="Error Validations Test" finished-at="2023-07-08T18:20:00Z" duration-ms="3">
    </test> <!-- Error Validations Test -->
    <test started-at="2023-07-08T18:20:00Z" name="Submit Order Test" finished-at="2023-07-08T18:20:31Z" duration-ms="30365">
      <class name="nTech.SeleniumFrameworkDesign.SubmitOrderTest">
        <test-method is-config="true" signature="launchApplication()[pri:0, instance:nTech.SeleniumFrameworkDesign.SubmitOrderTest@60129b9a]" started-at="2023-07-08T18:20:01Z" name="launchApplication" finished-at="2023-07-08T18:20:11Z" duration-ms="10189" status="PASS">
          <reporter-output>
          </reporter-output>
        </test-method> <!-- launchApplication -->
        <test-method signature="submitOrder(java.util.HashMap)[pri:0, instance:nTech.SeleniumFrameworkDesign.SubmitOrderTest@60129b9a]" started-at="2023-07-08T18:20:11Z" name="submitOrder" data-provider="getData" finished-at="2023-07-08T18:20:16Z" duration-ms="5270" status="PASS">
          <params>
            <param index="0">
              <value>
                <![CDATA[{password=Jelly@123, product=ADIDAS ORIGINAL, email=nuwan@gmail.com}]]>
              </value>
            </param>
          </params>
          <reporter-output>
          </reporter-output>
        </test-method> <!-- submitOrder -->
        <test-method is-config="true" signature="closeBrowser()[pri:0, instance:nTech.SeleniumFrameworkDesign.SubmitOrderTest@60129b9a]" started-at="2023-07-08T18:20:16Z" name="closeBrowser" finished-at="2023-07-08T18:20:16Z" duration-ms="58" status="PASS">
          <reporter-output>
          </reporter-output>
        </test-method> <!-- closeBrowser -->
        <test-method is-config="true" signature="launchApplication()[pri:0, instance:nTech.SeleniumFrameworkDesign.SubmitOrderTest@60129b9a]" started-at="2023-07-08T18:20:16Z" name="launchApplication" finished-at="2023-07-08T18:20:25Z" duration-ms="9399" status="PASS">
          <reporter-output>
          </reporter-output>
        </test-method> <!-- launchApplication -->
        <test-method signature="submitOrder(java.util.HashMap)[pri:0, instance:nTech.SeleniumFrameworkDesign.SubmitOrderTest@60129b9a]" started-at="2023-07-08T18:20:25Z" name="submitOrder" data-provider="getData" finished-at="2023-07-08T18:20:31Z" duration-ms="5176" status="PASS">
          <params>
            <param index="0">
              <value>
                <![CDATA[{password=Kitkat123, product=ZARA COAT 3, email=nethkantha@gmail.com}]]>
              </value>
            </param>
          </params>
          <reporter-output>
          </reporter-output>
        </test-method> <!-- submitOrder -->
        <test-method is-config="true" signature="closeBrowser()[pri:0, instance:nTech.SeleniumFrameworkDesign.SubmitOrderTest@60129b9a]" started-at="2023-07-08T18:20:31Z" name="closeBrowser" finished-at="2023-07-08T18:20:31Z" duration-ms="58" status="PASS">
          <reporter-output>
          </reporter-output>
        </test-method> <!-- closeBrowser -->
      </class> <!-- nTech.SeleniumFrameworkDesign.SubmitOrderTest -->
    </test> <!-- Submit Order Test -->
  </suite> <!-- Suite -->
</testng-results>
